<?xml version="1.0" encoding="UTF-8"?>
<robot generator="Robot 4.1.2 (Python 3.10.0 on win32)" generated="20211216 19:44:00.492" rpa="false" schemaversion="2">
<suite id="s1" name="Seach" source="C:\RobotExpert\bodytest\tests\planos\seach.robot">
<kw name="Start Admin Session" library="resource" type="SETUP">
<kw name="Start Browser Session" library="resource">
<kw name="New Browser" library="Browser">
<arg>chromium</arg>
<arg>False</arg>
<tag>BrowserControl</tag>
<tag>Setter</tag>
<doc>Create a new playwright Browser with specified options.</doc>
<msg timestamp="20211216 19:44:01.946" level="INFO">{"browser": "chromium", "headless": false, "handleSIGINT": true, "handleSIGTERM": true, "handleSIGHUP": true, "timeout": 30000.0, "devtools": false, "slowMo": 0.0, "tracesDir": "C:\\RobotExpert\\bodytest\\log\\browser\\traces\\9ef64415-8bb9-43dc-91ab-300b694e4de4"}</msg>
<msg timestamp="20211216 19:44:03.452" level="INFO">Successfully created browser with options: {"browser":"chromium","headless":false,"handleSIGINT":true,"handleSIGTERM":true,"handleSIGHUP":true,"timeout":30000,"devtools":false,"slowMo":0,"tracesDir":"C:\\RobotExpert\\bodytest\\log\\browser\\traces\\9ef64415-8bb9-43dc-91ab-300b694e4de4"}</msg>
<status status="PASS" starttime="20211216 19:44:01.946" endtime="20211216 19:44:03.452"/>
</kw>
<kw name="New Page" library="Browser">
<arg>about:blank</arg>
<tag>BrowserControl</tag>
<tag>Setter</tag>
<doc>Open a new Page. A Page is the Playwright equivalent to a tab.
See `Browser, Context and Page` for more information about Page concept.
Returns a stable identifier for the created page.</doc>
<msg timestamp="20211216 19:44:03.928" level="INFO">Successfully initialized new page object and opened url: about:blank</msg>
<msg timestamp="20211216 19:44:03.928" level="INFO">No context was open. New context was automatically opened when this page is created.</msg>
<status status="PASS" starttime="20211216 19:44:03.452" endtime="20211216 19:44:03.928"/>
</kw>
<status status="PASS" starttime="20211216 19:44:01.946" endtime="20211216 19:44:03.928"/>
</kw>
<kw name="Go To Login Page" library="auth">
<kw name="Go To" library="Browser">
<arg>https://bodytest-web-olinger.herokuapp.com/</arg>
<tag>BrowserControl</tag>
<tag>Setter</tag>
<doc>Navigates to the given ``url``.</doc>
<msg timestamp="20211216 19:44:07.618" level="INFO">Successfully opened URL https://bodytest-web-olinger.herokuapp.com/</msg>
<status status="PASS" starttime="20211216 19:44:03.929" endtime="20211216 19:44:07.618"/>
</kw>
<status status="PASS" starttime="20211216 19:44:03.928" endtime="20211216 19:44:07.619"/>
</kw>
<kw name="Login with" library="auth">
<arg>admin@bodytest.com</arg>
<arg>pwd123</arg>
<kw name="Fill Text" library="Browser">
<arg>css=input[name=email]</arg>
<arg>${email}</arg>
<tag>PageContent</tag>
<tag>Setter</tag>
<doc>Clears and fills the given ``txt`` into the text field found by ``selector``.</doc>
<msg timestamp="20211216 19:44:07.620" level="INFO">Fills the text 'admin@bodytest.com' in the given field.</msg>
<status status="PASS" starttime="20211216 19:44:07.619" endtime="20211216 19:44:07.660"/>
</kw>
<kw name="Fill Text" library="Browser">
<arg>css=input[placeholder*=senha]</arg>
<arg>${senha}</arg>
<tag>PageContent</tag>
<tag>Setter</tag>
<doc>Clears and fills the given ``txt`` into the text field found by ``selector``.</doc>
<msg timestamp="20211216 19:44:07.661" level="INFO">Fills the text 'pwd123' in the given field.</msg>
<status status="PASS" starttime="20211216 19:44:07.661" endtime="20211216 19:44:07.682"/>
</kw>
<kw name="Click" library="Browser">
<arg>text=Entrar</arg>
<tag>PageContent</tag>
<tag>Setter</tag>
<doc>Simulates mouse click on the element found by ``selector``.</doc>
<status status="PASS" starttime="20211216 19:44:07.682" endtime="20211216 19:44:07.762"/>
</kw>
<status status="PASS" starttime="20211216 19:44:07.619" endtime="20211216 19:44:07.762"/>
</kw>
<kw name="User Should Be Logged In" library="nav">
<arg>Administrador</arg>
<kw name="Get Text" library="Browser">
<arg>css=aside strong</arg>
<arg>should be</arg>
<arg>${user_name}</arg>
<tag>Assertion</tag>
<tag>Getter</tag>
<tag>PageContent</tag>
<doc>Returns text attribute of the element found by ``selector``.</doc>
<status status="PASS" starttime="20211216 19:44:07.763" endtime="20211216 19:44:09.240"/>
</kw>
<status status="PASS" starttime="20211216 19:44:07.762" endtime="20211216 19:44:09.241"/>
</kw>
<status status="PASS" starttime="20211216 19:44:01.946" endtime="20211216 19:44:09.241"/>
</kw>
<test id="s1-t1" name="Cenario: Busca exata">
<kw name="Create Dictionary" library="BuiltIn">
<var>&amp;{plan}</var>
<arg>title=Bia Nunes</arg>
<arg>duration=5</arg>
<arg>price=15,00</arg>
<arg>created_at=${EMPTY}</arg>
<arg>updated_at=${EMPTY}</arg>
<doc>Creates and returns a dictionary based on the given ``items``.</doc>
<msg timestamp="20211216 19:44:09.247" level="INFO">&amp;{plan} = { title=Bia Nunes | duration=5 | price=15,00 | created_at= | updated_at= }</msg>
<status status="PASS" starttime="20211216 19:44:09.246" endtime="20211216 19:44:09.248"/>
</kw>
<kw name="Remove Plan" library="DeloreanLibrary">
<msg timestamp="20211216 19:44:09.249" level="INFO">delete from plans</msg>
<status status="PASS" starttime="20211216 19:44:09.248" endtime="20211216 19:44:11.175"/>
</kw>
<kw name="Go To Plans" library="nav">
<kw name="Click" library="Browser">
<arg>css=a[href="/planos"]</arg>
<tag>PageContent</tag>
<tag>Setter</tag>
<doc>Simulates mouse click on the element found by ``selector``.</doc>
<status status="PASS" starttime="20211216 19:44:11.175" endtime="20211216 19:44:11.248"/>
</kw>
<kw name="Wait For Elements State" library="Browser">
<arg>css=h1 &gt;&gt; text=Gestão de Planos</arg>
<arg>visible</arg>
<arg>5</arg>
<tag>PageContent</tag>
<tag>Wait</tag>
<doc>Waits for the element found by ``selector`` to satisfy state option.</doc>
<msg timestamp="20211216 19:44:11.259" level="INFO">Waited for Element with selector css=h1 &gt;&gt; text=Gestão de Planos at state visible</msg>
<status status="PASS" starttime="20211216 19:44:11.248" endtime="20211216 19:44:11.259"/>
</kw>
<status status="PASS" starttime="20211216 19:44:11.175" endtime="20211216 19:44:11.259"/>
</kw>
<kw name="Go To Form Plan" library="plans">
<kw name="Set Strict Mode" library="Browser">
<arg>false</arg>
<tag>BrowserControl</tag>
<tag>Setter</tag>
<doc>Controls library strict mode.</doc>
<status status="PASS" starttime="20211216 19:44:11.260" endtime="20211216 19:44:11.260"/>
</kw>
<kw name="Click" library="Browser">
<arg>${BOTAO_CADASTRAR_PLANO}</arg>
<tag>PageContent</tag>
<tag>Setter</tag>
<doc>Simulates mouse click on the element found by ``selector``.</doc>
<status status="PASS" starttime="20211216 19:44:11.260" endtime="20211216 19:44:11.359"/>
</kw>
<kw name="Wait For Elements State" library="Browser">
<arg>css=h1 &gt;&gt; text=Novo plano</arg>
<arg>visible</arg>
<arg>5</arg>
<tag>PageContent</tag>
<tag>Wait</tag>
<doc>Waits for the element found by ``selector`` to satisfy state option.</doc>
<msg timestamp="20211216 19:44:11.369" level="INFO">Waited for Element with selector css=h1 &gt;&gt; text=Novo plano at state visible</msg>
<status status="PASS" starttime="20211216 19:44:11.360" endtime="20211216 19:44:11.369"/>
</kw>
<status status="PASS" starttime="20211216 19:44:11.260" endtime="20211216 19:44:11.369"/>
</kw>
<kw name="Fill Plan Form" library="plans">
<arg>${plan}</arg>
<kw name="Fill Text" library="Browser">
<arg>${TITLE_FIELD}</arg>
<arg>${plan.title}</arg>
<tag>PageContent</tag>
<tag>Setter</tag>
<doc>Clears and fills the given ``txt`` into the text field found by ``selector``.</doc>
<msg timestamp="20211216 19:44:11.371" level="INFO">Fills the text 'Bia Nunes' in the given field.</msg>
<status status="PASS" starttime="20211216 19:44:11.371" endtime="20211216 19:44:11.394"/>
</kw>
<kw name="Fill Text" library="Browser">
<arg>${DURATION_FIELD}</arg>
<arg>${plan.duration}</arg>
<tag>PageContent</tag>
<tag>Setter</tag>
<doc>Clears and fills the given ``txt`` into the text field found by ``selector``.</doc>
<msg timestamp="20211216 19:44:11.395" level="INFO">Fills the text '5' in the given field.</msg>
<status status="PASS" starttime="20211216 19:44:11.394" endtime="20211216 19:44:11.413"/>
</kw>
<kw name="Fill Text" library="Browser">
<arg>${PRICE_FIELD}</arg>
<arg>${plan.price}</arg>
<tag>PageContent</tag>
<tag>Setter</tag>
<doc>Clears and fills the given ``txt`` into the text field found by ``selector``.</doc>
<msg timestamp="20211216 19:44:11.414" level="INFO">Fills the text '15,00' in the given field.</msg>
<status status="PASS" starttime="20211216 19:44:11.414" endtime="20211216 19:44:11.435"/>
</kw>
<kw name="Submit Plan Form" library="plans">
<kw name="Click" library="Browser">
<arg>${BOTAO_SALVAR_PLAN}</arg>
<tag>PageContent</tag>
<tag>Setter</tag>
<doc>Simulates mouse click on the element found by ``selector``.</doc>
<status status="PASS" starttime="20211216 19:44:11.435" endtime="20211216 19:44:11.501"/>
</kw>
<status status="PASS" starttime="20211216 19:44:11.435" endtime="20211216 19:44:11.501"/>
</kw>
<status status="PASS" starttime="20211216 19:44:11.370" endtime="20211216 19:44:11.501"/>
</kw>
<kw name="Plans Should be visible" library="plans">
<arg>${plan.title}</arg>
<kw name="Wait For Elements State" library="Browser">
<arg>xpath=//td[contains(text(), "${title}")]</arg>
<arg>visible</arg>
<arg>5</arg>
<tag>PageContent</tag>
<tag>Wait</tag>
<doc>Waits for the element found by ``selector`` to satisfy state option.</doc>
<msg timestamp="20211216 19:44:12.172" level="INFO">Waited for Element with selector xpath=//td[contains(text(), "Bia Nunes")] at state visible</msg>
<status status="PASS" starttime="20211216 19:44:11.502" endtime="20211216 19:44:12.172"/>
</kw>
<status status="PASS" starttime="20211216 19:44:11.501" endtime="20211216 19:44:12.172"/>
</kw>
<kw name="Seach Plan By Title" library="plans">
<arg>${plan.title}</arg>
<kw name="Fill Text" library="Browser">
<arg>css=input[placeholder="Buscar plano"]</arg>
<arg>${title}</arg>
<tag>PageContent</tag>
<tag>Setter</tag>
<doc>Clears and fills the given ``txt`` into the text field found by ``selector``.</doc>
<msg timestamp="20211216 19:44:12.174" level="INFO">Fills the text 'Bia Nunes' in the given field.</msg>
<status status="PASS" starttime="20211216 19:44:12.173" endtime="20211216 19:44:12.188"/>
</kw>
<status status="PASS" starttime="20211216 19:44:12.172" endtime="20211216 19:44:12.188"/>
</kw>
<kw name="Plans Should be visible" library="plans">
<arg>${plan.title}</arg>
<kw name="Wait For Elements State" library="Browser">
<arg>xpath=//td[contains(text(), "${title}")]</arg>
<arg>visible</arg>
<arg>5</arg>
<tag>PageContent</tag>
<tag>Wait</tag>
<doc>Waits for the element found by ``selector`` to satisfy state option.</doc>
<msg timestamp="20211216 19:44:12.197" level="INFO">Waited for Element with selector xpath=//td[contains(text(), "Bia Nunes")] at state visible</msg>
<status status="PASS" starttime="20211216 19:44:12.190" endtime="20211216 19:44:12.197"/>
</kw>
<status status="PASS" starttime="20211216 19:44:12.189" endtime="20211216 19:44:12.197"/>
</kw>
<kw name="Total Plan Should Be" library="plans">
<arg>1</arg>
<kw name="Get Attribute" library="Browser">
<arg>${TOTAL_FIELD}</arg>
<arg>value</arg>
<arg>==</arg>
<arg>${total}</arg>
<tag>Assertion</tag>
<tag>Getter</tag>
<tag>PageContent</tag>
<doc>Returns the HTML ``attribute`` of the element found by ``selector``.</doc>
<msg timestamp="20211216 19:44:22.359" level="INFO" html="true">&lt;/td&gt;&lt;/tr&gt;&lt;tr&gt;&lt;td colspan="3"&gt;&lt;a href="browser/screenshot/fail-screenshot-1.png"&gt;&lt;img src="browser/screenshot/fail-screenshot-1.png" width="800px"&gt;&lt;/a&gt;</msg>
<msg timestamp="20211216 19:44:22.368" level="FAIL">TimeoutError: locator.elementHandle: Timeout 10000ms exceeded.
=========================== logs ===========================
waiting for selector "css=input[name=total] &gt;&gt; nth=0"
============================================================</msg>
<status status="FAIL" starttime="20211216 19:44:12.198" endtime="20211216 19:44:22.368"/>
</kw>
<status status="FAIL" starttime="20211216 19:44:12.198" endtime="20211216 19:44:22.369"/>
</kw>
<kw name="Take Screenshot" library="Browser" type="TEARDOWN">
<tag>PageContent</tag>
<doc>Takes a screenshot of the current window or element and saves it to disk.</doc>
<msg timestamp="20211216 19:44:22.487" level="INFO" html="true">&lt;/td&gt;&lt;/tr&gt;&lt;tr&gt;&lt;td colspan="3"&gt;&lt;a href="browser/screenshot/robotframework-browser-screenshot-1.png"&gt;&lt;img src="browser/screenshot/robotframework-browser-screenshot-1.png" width="800px"&gt;&lt;/a&gt;</msg>
<status status="PASS" starttime="20211216 19:44:22.370" endtime="20211216 19:44:22.487"/>
</kw>
<tag>bia</tag>
<status status="FAIL" starttime="20211216 19:44:09.241" endtime="20211216 19:44:22.487">TimeoutError: locator.elementHandle: Timeout 10000ms exceeded.
=========================== logs ===========================
waiting for selector "css=input[name=total] &gt;&gt; nth=0"
============================================================</status>
</test>
<doc>Buscar Planos</doc>
<status status="FAIL" starttime="20211216 19:44:00.492" endtime="20211216 19:44:22.495"/>
</suite>
<statistics>
<total>
<stat pass="0" fail="1" skip="0">All Tests</stat>
</total>
<tag>
<stat pass="0" fail="1" skip="0">bia</stat>
</tag>
<suite>
<stat pass="0" fail="1" skip="0" id="s1" name="Seach">Seach</stat>
</suite>
</statistics>
<errors>
</errors>
</robot>
